2026-01-08 20:39:29 Loading main app package /usr/lib/obsidian/obsidian.asar
2026-01-08 20:39:30 Checking for update using Github
2026-01-08 20:39:30 Success.
2026-01-08 20:39:30 Latest version is 1.10.6
2026-01-08 20:39:30 App is up to date.
2026-01-08 20:40:11 Loading main app package /usr/lib/obsidian/obsidian.asar
2026-01-08 20:40:11 Checking for update using Github
2026-01-08 20:40:11 Success.
2026-01-08 20:40:11 Latest version is 1.10.6
2026-01-08 20:40:11 App is up to date.
2026-01-08 21:40:11 Checking for update using Github
2026-01-08 21:40:11 Success.
2026-01-08 21:40:11 Latest version is 1.10.6
2026-01-08 21:40:11 App is up to date.
2026-02-01 00:58:42 Loading main app package /usr/lib/obsidian/obsidian.asar
2026-02-01 00:58:42 Checking for update using Github
2026-02-01 00:58:42 Success.
2026-02-01 00:58:42 Latest version is 1.11.5
2026-02-01 00:58:42 Downloading update from https://github.com/obsidianmd/obsidian-releases/releases/download/v1.11.5/obsidian-1.11.5.asar.gz
2026-02-01 00:58:43 Verifying hash & signature. Size= 8771203
2026-02-01 00:58:43 Saving file
2026-02-01 00:58:43 Update complete.
